  AAFilter.cpp
  BPMDetect.cpp
  cpu_detect_x86.cpp
  FIFOSampleBuffer.cpp
  FIRFilter.cpp
  InterpolateCubic.cpp
  InterpolateLinear.cpp
  InterpolateShannon.cpp
  mmx_optimized.cpp
  PeakFinder.cpp
  RateTransposer.cpp
  SoundTouch.cpp
  sse_optimized.cpp
  TDStretch.cpp
  Generating Code...
C:\Program Files (x86)\Microsoft Visual Studio\2017\Community\Common7\IDE\VC\VCTargets\Microsoft.CppBuild.targets(1371,5): warning MSB8012: TargetPath(C:\workspaces\mupen64plus-win32-deps\soundtouch\source\SoundTouch\.\Debug\SoundTouch.lib) does not match the Library's OutputFile property value (C:\workspaces\mupen64plus-win32-deps\soundtouch\source\SoundTouch\Debug\SoundTouchD.lib). This may cause your project to build incorrectly. To correct this, please make sure that $(OutDir), $(TargetName) and $(TargetExt) property values match the value specified in %(Lib.OutputFile).
C:\Program Files (x86)\Microsoft Visual Studio\2017\Community\Common7\IDE\VC\VCTargets\Microsoft.CppBuild.targets(1373,5): warning MSB8012: TargetName(SoundTouch) does not match the Library's OutputFile property value (SoundTouchD). This may cause your project to build incorrectly. To correct this, please make sure that $(OutDir), $(TargetName) and $(TargetExt) property values match the value specified in %(Lib.OutputFile).
mmx_optimized.obj : warning LNK4221: This object file does not define any previously undefined public symbols, so it will not be used by any link operation that consumes this library
  SoundTouch.vcxproj -> C:\workspaces\mupen64plus-win32-deps\soundtouch\source\SoundTouch\.\Debug\SoundTouch.lib
          1 file(s) copied.
